\BOOKMARK [1][-]{table.caption.2}{\376\377\000T\000\323\000M\000\040\000T\036\256\000T}{}% 1
\BOOKMARK [1][-]{section.1}{\376\377\000T\000H\000U\036\254\000T\000\040\000T\000O\000\301\000N\000\040\000G\000W\000O\000\040\000N\000G\000U\000Y\000\312\000N\000\040\000B\036\242\000N}{}% 2
\BOOKMARK [2][-]{subsection.1.1}{\376\377\000N\000g\000u\036\323\000n\000\040\000c\036\243\000m\000\040\000h\036\351\000n\000g\000\040\000S\000i\000n\000h\000\040\000h\036\315\000c}{section.1}% 3
\BOOKMARK [3][-]{subsubsection.1.1.1}{\376\377\000C\036\245\000u\000\040\000t\000r\000\372\000c\000\040\000P\000h\000\342\000n\000\040\000c\036\245\000p\000\040\000X\000\343\000\040\000h\036\331\000i}{subsection.1.1}% 4
\BOOKMARK [3][-]{subsubsection.1.1.2}{\376\377\000C\001\241\000\040\000c\000h\036\277\000\040\000S\001\003\000n\000\040\000m\036\323\000i}{subsection.1.1}% 5
\BOOKMARK [2][-]{subsection.1.2}{\376\377\000M\000\364\000\040\000h\000\354\000n\000h\000\040\000T\000o\000\341\000n\000\040\000h\036\315\000c}{section.1}% 6
\BOOKMARK [3][-]{subsubsection.1.2.1}{\376\377\000B\000a\000o\000\040\000v\000\342\000y\000\040\000c\000o\000n\000\040\000m\036\323\000i\000\040\000\050\000E\000n\000c\000i\000r\000c\000l\000i\000n\000g\000\051}{subsection.1.2}% 7
\BOOKMARK [3][-]{subsubsection.1.2.2}{\376\377\000S\001\003\000n\000\040\000m\036\323\000i\000\040\000\050\000H\000u\000n\000t\000i\000n\000g\000\051\000\040\000-\000\040\000C\036\255\000p\000\040\000n\000h\036\255\000t\000\040\000v\036\313\000\040\000t\000r\000\355\000\040\000O\000m\000e\000g\000a}{subsection.1.2}% 8
\BOOKMARK [3][-]{subsubsection.1.2.3}{\376\377\000T\000h\001\003\000m\000\040\000d\000\362\000\040\000v\000\340\000\040\000K\000h\000a\000i\000\040\000t\000h\000\341\000c\000\040\000\050\000T\000h\000a\000m\000\040\000s\036\321\000\040\000a\000\040\000v\000\340\000\040\000c\000\341\000c\000\040\000V\000e\000c\000t\000o\000r\000\051}{subsection.1.2}% 9
\BOOKMARK [2][-]{subsection.1.3}{\376\377\000M\000\343\000\040\000g\000i\036\243\000\040\000T\000h\000u\036\255\000t\000\040\000t\000o\000\341\000n\000\040\000G\000W\000O\000\040\000\050\000P\000s\000e\000u\000d\000o\000c\000o\000d\000e\000\051}{section.1}% 10
\BOOKMARK [1][-]{section.2}{\376\377\000P\000H\000\302\000N\000\040\000T\000\315\000C\000H\000\040\000V\036\244\000N\000\040\001\020\036\300\000\040\000V\000\300\000\040\000C\000\301\000C\000\040\000B\000I\036\276\000N\000\040\000T\000H\036\302\000\040\000C\036\242\000I\000\040\000T\000I\036\276\000N\000\040\000C\036\346\000A\000\040\000G\000W\000O}{}% 11
\BOOKMARK [2][-]{subsection.2.1}{\376\377\000C\000\341\000c\000\040\000H\036\241\000n\000\040\000c\000h\036\277\000\040\000C\036\321\000\040\000h\036\357\000u\000\040\000c\036\347\000a\000\040\000G\000W\000O\000\040\000N\000g\000u\000y\000\352\000n\000\040\000b\036\243\000n}{section.2}% 12
\BOOKMARK [3][-]{subsubsection.2.1.1}{\376\377\000N\000g\000u\000y\000\040\000c\001\241\000\040\000H\036\331\000i\000\040\000t\036\345\000\040\000s\036\333\000m\000\040\000\050\000S\000a\000\040\000v\000\340\000o\000\040\000T\036\321\000i\000\040\001\260\000u\000\040\000C\036\345\000c\000\040\000b\036\331\000\051}{subsection.2.1}% 13
\BOOKMARK [3][-]{subsubsection.2.1.2}{\376\377\000T\036\321\000c\000\040\001\021\036\331\000\040\000h\036\331\000i\000\040\000t\036\345\000\040\000c\000h\036\255\000m\000\040\000v\036\301\000\040\000c\000u\036\321\000i\000\040\000\050\000T\000h\000i\036\277\000u\000\040\000b\036\351\000t\000\040\000p\000h\000\341\000\051}{subsection.2.1}% 14
\BOOKMARK [2][-]{subsection.2.2}{\376\377\000C\000\341\000c\000\040\000B\000i\036\277\000n\000\040\000t\000h\036\303\000\040\000C\036\243\000i\000\040\000t\000i\036\277\000n\000\040\000v\000\340\000\040\000G\000i\036\243\000i\000\040\000p\000h\000\341\000p}{section.2}% 15
\BOOKMARK [3][-]{subsubsection.2.2.1}{\376\377\000B\000i\036\277\000n\000\040\000t\000h\036\303\000\040\000v\036\301\000\040\000T\000h\000a\000m\000\040\000s\036\321\000\040\000K\000i\036\303\000m\000\040\000s\000o\000\341\000t\000\040\000\050\000M\000o\000d\000i\000f\000i\000e\000d\000\040\000C\000o\000n\000t\000r\000o\000l\000\040\000P\000a\000r\000a\000m\000e\000t\000e\000r\000\051}{subsection.2.2}% 16
\BOOKMARK [3][-]{subsubsection.2.2.2}{\376\377\000B\000i\036\277\000n\000\040\000t\000h\036\303\000\040\000H\036\327\000n\000\040\000l\000o\036\241\000n\000\040\000\050\000C\000h\000a\000o\000t\000i\000c\000\040\000G\000W\000O\000\040\000-\000\040\000C\000G\000W\000O\000\051}{subsection.2.2}% 17
\BOOKMARK [3][-]{subsubsection.2.2.3}{\376\377\000B\000i\036\277\000n\000\040\000t\000h\036\303\000\040\000d\036\361\000a\000\040\000t\000r\000\352\000n\000\040\000T\000r\036\315\000n\000g\000\040\000s\036\321\000\040\000\050\000W\000e\000i\000g\000h\000t\000e\000d\000\040\000G\000W\000O\000\051}{subsection.2.2}% 18
\BOOKMARK [1][-]{section.3}{\376\377\000T\000H\036\360\000C\000\040\000N\000G\000H\000I\036\306\000M\000\040\000V\000\300\000\040\001\020\000\301\000N\000H\000\040\000G\000I\000\301}{}% 19
\BOOKMARK [2][-]{subsection.3.1}{\376\377\000K\000i\036\303\000m\000\040\000c\000h\036\351\000n\000g\000\040\000n\000h\000a\000n\000h\000\040\000t\000r\000\352\000n\000\040\000H\000\340\000m\000\040\000c\000h\000u\036\251\000n\000\040\000R\000o\000s\000e\000n\000b\000r\000o\000c\000k}{section.3}% 20
\BOOKMARK [3][-]{subsubsection.3.1.1}{\376\377\001\020\036\313\000n\000h\000\040\000n\000g\000h\001\051\000a\000\040\000v\000\340\000\040\001\020\036\267\000c\000\040\001\021\000i\036\303\000m}{subsection.3.1}% 21
\BOOKMARK [3][-]{subsubsection.3.1.2}{\376\377\000T\000h\000i\036\277\000t\000\040\000l\036\255\000p\000\040\000t\000h\000\355\000\040\000n\000g\000h\000i\036\307\000m}{subsection.3.1}% 22
\BOOKMARK [3][-]{subsubsection.3.1.3}{\376\377\000K\036\277\000t\000\040\000q\000u\036\243\000\040\000s\000o\000\040\000s\000\341\000n\000h\000\040\000h\036\331\000i\000\040\000t\036\345}{subsection.3.1}% 23
\BOOKMARK [2][-]{subsection.3.2}{\376\377\036\350\000n\000g\000\040\000d\036\345\000n\000g\000\040\000t\000r\036\315\000n\000g\000\040\000t\000\342\000m\000:\000\040\000G\000i\036\243\000i\000\040\000q\000u\000y\036\277\000t\000\040\000b\000\340\000i\000\040\000t\000o\000\341\000n\000\040\000N\000g\001\260\036\335\000i\000\040\000d\000u\000\040\000l\036\313\000c\000h\000\040\000\050\000T\000S\000P\000\051}{section.3}% 24
\BOOKMARK [3][-]{subsubsection.3.2.1}{\376\377\000C\001\241\000\040\000c\000h\036\277\000\040\000M\000\343\000\040\000h\000\363\000a\000\040\000K\000h\000\363\000a\000\040\000N\000g\036\253\000u\000\040\000n\000h\000i\000\352\000n\000\040\000\050\000R\000a\000n\000d\000o\000m\000\040\000K\000e\000y\000\040\000E\000n\000c\000o\000d\000i\000n\000g\000\051}{subsection.3.2}% 25
\BOOKMARK [3][-]{subsubsection.3.2.2}{\376\377\000T\000h\000u\036\255\000t\000\040\000t\000o\000\341\000n\000\040\000W\000e\000i\000g\000h\000t\000e\000d\000\040\000D\000y\000n\000a\000m\000i\000c\000\040\000G\000W\000O\000\040\000c\000h\000o\000\040\000T\000S\000P}{subsection.3.2}% 26
\BOOKMARK [3][-]{subsubsection.3.2.3}{\376\377\000P\000h\000\342\000n\000\040\000t\000\355\000c\000h\000\040\000k\036\277\000t\000\040\000q\000u\036\243\000\040\000t\000h\036\361\000c\000\040\000n\000g\000h\000i\036\307\000m}{subsection.3.2}% 27
\BOOKMARK [3][-]{subsubsection.3.2.4}{\376\377\000S\000o\000\040\000s\000\341\000n\000h\000\040\000v\036\333\000i\000\040\000c\000\341\000c\000\040\000t\000h\000u\036\255\000t\000\040\000t\000o\000\341\000n\000\040\000m\000e\000t\000a\000h\000e\000u\000r\000i\000s\000t\000i\000c\000\040\000k\000h\000\341\000c}{subsection.3.2}% 28
\BOOKMARK [2][-]{subsection.3.3}{\376\377\000K\036\277\000t\000\040\000l\000u\036\255\000n\000\040\000c\000h\001\260\001\241\000n\000g\000\040\0003}{section.3}% 29
\BOOKMARK [1][-]{section.4}{\376\377\036\350\000N\000G\000\040\000D\036\344\000N\000G\000\040\000G\000W\000O\000\040\000V\000\300\000O\000\040\000B\000\300\000I\000\040\000T\000O\000\301\000N\000\040\000T\000R\000U\000Y\036\300\000N\000\040\000T\000H\000\324\000N\000G\000:\000\040\000J\000C\000A\000S\000\040\000M\000U\000L\000T\000I\000B\000E\000A\000M\000\040\000O\000P\000T\000I\000M\000I\000Z\000A\000T\000I\000O\000N}{}% 30
\BOOKMARK [2][-]{subsection.4.1}{\376\377\000G\000i\036\333\000i\000\040\000t\000h\000i\036\307\000u\000\040\000b\000\340\000i\000\040\000t\000o\000\341\000n\000\040\000J\000C\000A\000S}{section.4}% 31
\BOOKMARK [3][-]{subsubsection.4.1.1}{\376\377\000B\036\321\000i\000\040\000c\036\243\000n\000h\000\040\000v\000\340\000\040\001\020\036\331\000n\000g\000\040\000l\036\361\000c}{subsection.4.1}% 32
\BOOKMARK [3][-]{subsubsection.4.1.2}{\376\377\000M\000\364\000\040\000h\000\354\000n\000h\000\040\000t\000o\000\341\000n\000\040\000h\036\315\000c\000\040\000c\000h\000i\000\040\000t\000i\036\277\000t}{subsection.4.1}% 33
\BOOKMARK [3][-]{subsubsection.4.1.3}{\376\377\000H\000\340\000m\000\040\000m\036\345\000c\000\040\000t\000i\000\352\000u\000\040\000\050\000O\000b\000j\000e\000c\000t\000i\000v\000e\000\040\000F\000u\000n\000c\000t\000i\000o\000n\000\051}{subsection.4.1}% 34
\BOOKMARK [3][-]{subsubsection.4.1.4}{\376\377\000B\000i\036\277\000n\000\040\000q\000u\000y\036\277\000t\000\040\001\021\036\313\000n\000h\000\040\000v\000\340\000\040\000K\000h\000\364\000n\000g\000\040\000g\000i\000a\000n\000\040\000t\000\354\000m\000\040\000k\000i\036\277\000m}{subsection.4.1}% 35
\BOOKMARK [3][-]{subsubsection.4.1.5}{\376\377\000S\000o\000\040\000s\000\341\000n\000h\000\040\000v\036\333\000i\000\040\000B\000\340\000i\000\040\000t\000o\000\341\000n\000\040\000T\000S\000P}{subsection.4.1}% 36
\BOOKMARK [3][-]{subsubsection.4.1.6}{\376\377\000B\000i\036\277\000n\000\040\000q\000u\000y\036\277\000t\000\040\001\021\036\313\000n\000h\000\040\000v\000\340\000\040\000K\000h\000\364\000n\000g\000\040\000g\000i\000a\000n\000\040\000t\000\354\000m\000\040\000k\000i\036\277\000m}{subsection.4.1}% 37
\BOOKMARK [2][-]{subsection.4.2}{\376\377\000T\000h\000i\036\277\000t\000\040\000l\036\255\000p\000\040\000t\000h\000\355\000\040\000n\000g\000h\000i\036\307\000m}{section.4}% 38
\BOOKMARK [3][-]{subsubsection.4.2.1}{\376\377\000T\000h\000a\000m\000\040\000s\036\321\000\040\000t\000h\036\355\000\040\000n\000g\000h\000i\036\307\000m}{subsection.4.2}% 39
\BOOKMARK [3][-]{subsubsection.4.2.2}{\376\377\000C\000\341\000c\000\040\000t\000h\000u\036\255\000t\000\040\000t\000o\000\341\000n\000\040\001\021\001\260\036\343\000c\000\040\000s\000o\000\040\000s\000\341\000n\000h}{subsection.4.2}% 40
\BOOKMARK [3][-]{subsubsection.4.2.3}{\376\377\000M\000\343\000\040\000g\000i\036\243\000\040\000c\000\341\000c\000\040\000t\000h\000u\036\255\000t\000\040\000t\000o\000\341\000n}{subsection.4.2}% 41
\BOOKMARK [2][-]{subsection.4.3}{\376\377\000K\036\277\000t\000\040\000q\000u\036\243\000\040\000t\000h\036\361\000c\000\040\000n\000g\000h\000i\036\307\000m\000:\000\040\000S\000o\000\040\000s\000\341\000n\000h\000\040\000c\000\341\000c\000\040\000t\000h\000u\036\255\000t\000\040\000t\000o\000\341\000n}{section.4}% 42
\BOOKMARK [3][-]{subsubsection.4.3.1}{\376\377\000B\036\243\000n\000g\000\040\000t\000h\036\321\000n\000g\000\040\000k\000\352\000\040\000t\036\325\000n\000g\000\040\000h\036\343\000p}{subsection.4.3}% 43
\BOOKMARK [3][-]{subsubsection.4.3.2}{\376\377\000N\000h\036\255\000n\000\040\000x\000\351\000t\000\040\000v\000\340\000\040\000P\000h\000\342\000n\000\040\000t\000\355\000c\000h}{subsection.4.3}% 44
\BOOKMARK [2][-]{subsection.4.4}{\376\377\001\020\036\323\000\040\000t\000h\036\313\000\040\000h\036\331\000i\000\040\000t\036\345}{section.4}% 45
\BOOKMARK [2][-]{subsection.4.5}{\376\377\000P\000h\000\342\000n\000\040\000p\000h\036\321\000i\000\040\000f\000i\000t\000n\000e\000s\000s\000\040\000c\000u\036\321\000i\000\040\000c\000\371\000n\000g\000\040\000\050\000B\000o\000x\000p\000l\000o\000t\000\051}{section.4}% 46
\BOOKMARK [2][-]{subsection.4.6}{\376\377\000B\000e\000a\000m\000\040\000P\000a\000t\000t\000e\000r\000n\000s\000\040\000c\036\347\000a\000\040\000c\000\341\000c\000\040\000s\000o\000l\000u\000t\000i\000o\000n\000\040\000t\036\321\000t\000\040\000n\000h\036\245\000t}{section.4}% 47
\BOOKMARK [2][-]{subsection.4.7}{\376\377\000M\000e\000t\000r\000i\000c\000s\000\040\000c\000h\000i\000\040\000t\000i\036\277\000t\000\040\000c\036\347\000a\000\040\000s\000o\000l\000u\000t\000i\000o\000n\000\040\000t\036\321\000t\000\040\000n\000h\036\245\000t}{section.4}% 48
\BOOKMARK [3][-]{subsubsection.4.7.1}{\376\377\000K\000i\036\303\000m\000\040\001\021\036\313\000n\000h\000\040\000t\000h\036\321\000n\000g\000\040\000k\000\352\000\040\000\050\000S\000t\000a\000t\000i\000s\000t\000i\000c\000a\000l\000\040\000S\000i\000g\000n\000i\000f\000i\000c\000a\000n\000c\000e\000\040\000T\000e\000s\000t\000\051}{subsection.4.7}% 49
\BOOKMARK [3][-]{subsubsection.4.7.2}{\376\377\000P\000h\000\342\000n\000\040\000t\000\355\000c\000h\000\040\001\021\036\331\000\040\000p\000h\036\351\000c\000\040\000t\036\241\000p\000\040\000t\000\355\000n\000h\000\040\000t\000o\000\341\000n}{subsection.4.7}% 50
\BOOKMARK [2][-]{subsection.4.8}{\376\377\000P\000h\036\247\000n\000\040\000t\000r\001\003\000m\000\040\000c\036\243\000i\000\040\000t\000h\000i\036\307\000n\000\040\000s\000o\000\040\000v\036\333\000i\000\040\000T\000S\000I\000L\000S\000\040\000b\000a\000s\000e\000l\000i\000n\000e}{section.4}% 51
\BOOKMARK [2][-]{subsection.4.9}{\376\377\000T\000h\036\243\000o\000\040\000l\000u\036\255\000n\000\040\000v\000\340\000\040\000G\000i\036\243\000i\000\040\000t\000h\000\355\000c\000h}{section.4}% 52
\BOOKMARK [3][-]{subsubsection.4.9.1}{\376\377\000S\000o\000\040\000s\000\341\000n\000h\000\040\000G\000W\000O\000\040\000v\000s\000\040\000T\000S\000I\000L\000S}{subsection.4.9}% 53
\BOOKMARK [3][-]{subsubsection.4.9.2}{\376\377\000S\000o\000\040\000s\000\341\000n\000h\000\040\000g\000i\036\357\000a\000\040\000c\000\341\000c\000\040\000b\000i\036\277\000n\000\040\000t\000h\036\303\000\040\000G\000W\000O}{subsection.4.9}% 54
\BOOKMARK [2][-]{subsection.4.10}{\376\377\000K\036\277\000t\000\040\000l\000u\036\255\000n}{section.4}% 55
\BOOKMARK [3][-]{subsubsection.4.10.1}{\376\377\000K\036\277\000t\000\040\000q\000u\036\243\000\040\000c\000h\000\355\000n\000h}{subsection.4.10}% 56
\BOOKMARK [3][-]{subsubsection.4.10.2}{\376\377\000B\000\340\000i\000\040\000h\036\315\000c\000\040\000k\000i\000n\000h\000\040\000n\000g\000h\000i\036\307\000m\000\040\000\050\000L\000e\000s\000s\000o\000n\000s\000\040\000L\000e\000a\000r\000n\000e\000d\000\051}{subsection.4.10}% 57
\BOOKMARK [1][-]{section.5}{\376\377\000K\036\276\000T\000\040\000L\000U\036\254\000N\000\040\000V\000\300\000\040\001\020\000\301\000N\000H\000\040\000G\000I\000\301}{}% 58
\BOOKMARK [2][-]{subsection.5.1}{\376\377\000T\000\363\000m\000\040\000t\036\257\000t\000\040\000c\000\341\000c\000\040\000k\036\277\000t\000\040\000q\000u\036\243\000\040\001\021\036\241\000t\000\040\001\021\001\260\036\343\000c}{section.5}% 59
\BOOKMARK [3][-]{subsubsection.5.1.1}{\376\377\0001\000.\000\040\000H\000i\036\303\000u\000\040\000s\000\342\000u\000\040\000v\036\301\000\040\000G\000W\000O\000\040\000n\000g\000u\000y\000\352\000n\000\040\000b\036\243\000n}{subsection.5.1}% 60
\BOOKMARK [3][-]{subsubsection.5.1.2}{\376\377\0002\000.\000\040\000P\000h\000\342\000n\000\040\000t\000\355\000c\000h\000\040\000c\000\341\000c\000\040\000b\000i\036\277\000n\000\040\000t\000h\036\303\000\040\000c\036\243\000i\000\040\000t\000i\036\277\000n}{subsection.5.1}% 61
\BOOKMARK [3][-]{subsubsection.5.1.3}{\376\377\0003\000.\000\040\000T\000h\036\361\000c\000\040\000n\000g\000h\000i\036\307\000m\000\040\000t\000r\000\352\000n\000\040\000b\000\340\000i\000\040\000t\000o\000\341\000n\000\040\000T\000S\000P}{subsection.5.1}% 62
\BOOKMARK [3][-]{subsubsection.5.1.4}{\376\377\0004\000.\000\040\036\350\000n\000g\000\040\000d\036\345\000n\000g\000\040\000v\000\340\000o\000\040\000b\000\340\000i\000\040\000t\000o\000\341\000n\000\040\000J\000C\000A\000S\000\040\000M\000u\000l\000t\000i\000b\000e\000a\000m\000\040\000O\000p\000t\000i\000m\000i\000z\000a\000t\000i\000o\000n}{subsection.5.1}% 63
\BOOKMARK [2][-]{subsection.5.2}{\376\377\000N\000h\036\357\000n\000g\000\040\000h\000i\036\303\000u\000\040\000b\000i\036\277\000t\000\040\000s\000\342\000u\000\040\000s\036\257\000c\000\040\000\050\000I\000n\000s\000i\000g\000h\000t\000s\000\051}{section.5}% 64
\BOOKMARK [3][-]{subsubsection.5.2.1}{\376\377\000N\000o\000\040\000F\000r\000e\000e\000\040\000L\000u\000n\000c\000h\000\040\000T\000h\000e\000o\000r\000e\000m\000\040\000t\000r\000o\000n\000g\000\040\000t\000h\036\361\000c\000\040\000t\036\277}{subsection.5.2}% 65
\BOOKMARK [3][-]{subsubsection.5.2.2}{\376\377\000T\036\247\000m\000\040\000q\000u\000a\000n\000\040\000t\000r\036\315\000n\000g\000\040\000c\036\347\000a\000\040\000D\000o\000m\000a\000i\000n\000\040\000K\000n\000o\000w\000l\000e\000d\000g\000e}{subsection.5.2}% 66
\BOOKMARK [3][-]{subsubsection.5.2.3}{\376\377\000G\000W\000O\000\040\000v\001\260\036\343\000t\000\040\000t\000r\036\331\000i\000\040\000h\001\241\000n\000\040\000p\000h\001\260\001\241\000n\000g\000\040\000p\000h\000\341\000p\000\040\000t\000r\000u\000y\036\301\000n\000\040\000t\000h\036\321\000n\000g}{subsection.5.2}% 67
\BOOKMARK [2][-]{subsection.5.3}{\376\377\000H\036\241\000n\000\040\000c\000h\036\277\000\040\000c\036\347\000a\000\040\000n\000g\000h\000i\000\352\000n\000\040\000c\036\351\000u}{section.5}% 68
\BOOKMARK [2][-]{subsection.5.4}{\376\377\000H\001\260\036\333\000n\000g\000\040\000p\000h\000\341\000t\000\040\000t\000r\000i\036\303\000n\000\040\000t\000i\036\301\000m\000\040\000n\001\003\000n\000g}{section.5}% 69
\BOOKMARK [3][-]{subsubsection.5.4.1}{\376\377\0001\000.\000\040\000A\000d\000a\000p\000t\000i\000v\000e\000\040\000P\000a\000r\000a\000m\000e\000t\000e\000r\000\040\000C\000o\000n\000t\000r\000o\000l}{subsection.5.4}% 70
\BOOKMARK [3][-]{subsubsection.5.4.2}{\376\377\0002\000.\000\040\000H\000y\000b\000r\000i\000d\000\040\000A\000p\000p\000r\000o\000a\000c\000h\000e\000s}{subsection.5.4}% 71
\BOOKMARK [3][-]{subsubsection.5.4.3}{\376\377\0003\000.\000\040\036\350\000n\000g\000\040\000d\036\345\000n\000g\000\040\000r\036\331\000n\000g\000\040\000h\001\241\000n\000\040\000t\000r\000o\000n\000g\000\040\000T\000r\000u\000y\036\301\000n\000\040\000t\000h\000\364\000n\000g}{subsection.5.4}% 72
\BOOKMARK [2][-]{subsection.5.5}{\376\377\000K\036\277\000t\000\040\000l\000u\036\255\000n\000\040\000c\000u\036\321\000i\000\040\000c\000\371\000n\000g}{section.5}% 73
\BOOKMARK [1][-]{subsection.5.5}{\376\377\000T\000\300\000I\000\040\000L\000I\036\306\000U\000\040\000T\000H\000A\000M\000\040\000K\000H\036\242\000O}{}% 74
